<?xml version="1.0" encoding="UTF-8"?>
<!-- Generated by org.testng.reporters.JUnitXMLReporter -->
<testsuite ignored="0" hostname="DESKTOP-4BOLIFG" failures="0" tests="5" name="Default test" time="0.405" errors="0" timestamp="2025-01-08T04:19:18 IST">
  <testcase classname="test.day3" name="MobileLoginHomeLoan" time="0.073"/>
  <testcase classname="test.day3" name="MobileLoginHomeLoan" time="0.009"/>
  <testcase classname="test.day3" name="MobileLoginHomeLoan" time="0.01"/>
  <testcase classname="test.day3" name="WebLoginHomeLoan" time="0.009"/>
  <testcase classname="test.day3" name="LoginApiHomeLoan" time="0.01"/>
</testsuite> <!-- Default test -->
