<?xml version="1.0" encoding="UTF-8"?>
<!-- Generated by org.testng.reporters.JUnitXMLReporter -->
<testsuite ignored="1" hostname="DESKTOP-4BOLIFG" failures="0" tests="2" name="Car Loan" time="0.014" errors="0" timestamp="2025-01-07T21:37:00 IST">
  <testcase classname="test.day2" name="LoginApiCarLoan" time="0.002"/>
  <testcase classname="test.day2" name="WebLoginCarLoan" time="0.002"/>
  <testcase classname="test.day2" name="MobileLoginCarLoan" time="0.0">
    <ignored/>
  </testcase> <!-- MobileLoginCarLoan -->
</testsuite> <!-- Car Loan -->
