<?xml version="1.0" encoding="UTF-8"?>
<!-- Generated by org.testng.reporters.JUnitXMLReporter -->
<testsuite ignored="0" hostname="DESKTOP-4BOLIFG" failures="0" tests="3" name="Home Loan" time="0.019" errors="0" timestamp="2025-01-07T20:56:30 IST">
  <testcase classname="test.day3" name="LoginApiHomeLoan" time="0.003"/>
  <testcase classname="test.day3" name="MobileLoginHomeLoan" time="0.003"/>
  <testcase classname="test.day3" name="WebLoginHomeLoan" time="0.002"/>
</testsuite> <!-- Home Loan -->
