<?xml version="1.0" encoding="UTF-8"?>
<!-- Generated by org.testng.reporters.JUnitXMLReporter -->
<testsuite ignored="3" hostname="DESKTOP-4BOLIFG" failures="0" tests="0" time="0.087" errors="0" timestamp="2025-01-08T05:18:39 IST">
  <testcase classname="test.day4" name="PhonesigninCarLoan" time="0.0">
    <ignored/>
  </testcase> <!-- PhonesigninCarLoan -->
  <testcase classname="test.day4" name="PhoneLoginCarLoan" time="0.0">
    <ignored/>
  </testcase> <!-- PhoneLoginCarLoan -->
  <testcase classname="test.day4" name="PhoneSignOutCarLoan" time="0.0">
    <ignored/>
  </testcase> <!-- PhoneSignOutCarLoan -->
</testsuite>
