<?xml version="1.0" encoding="UTF-8"?>
<!-- Generated by org.testng.reporters.JUnitXMLReporter -->
<testsuite ignored="8" hostname="DESKTOP-4BOLIFG" failures="0" tests="3" name="Regression" time="0.114" errors="0" timestamp="2025-01-08T02:27:52 IST">
  <testcase classname="test.day1" name="Demo" time="0.022"/>
  <testcase classname="test.day2" name="WebLoginCarLoan" time="0.003"/>
  <testcase classname="test.day4" name="PhonesigninCarLoan" time="0.003"/>
  <testcase classname="test.day4" name="PhoneLoginCarLoan" time="0.0">
    <ignored/>
  </testcase> <!-- PhoneLoginCarLoan -->
  <testcase classname="test.day2" name="LoginApiCarLoan" time="0.0">
    <ignored/>
  </testcase> <!-- LoginApiCarLoan -->
  <testcase classname="test.day3" name="WebLoginHomeLoan" time="0.0">
    <ignored/>
  </testcase> <!-- WebLoginHomeLoan -->
  <testcase classname="test.day2" name="MobileLoginCarLoan" time="0.0">
    <ignored/>
  </testcase> <!-- MobileLoginCarLoan -->
  <testcase classname="test.day3" name="MobileLoginHomeLoan" time="0.0">
    <ignored/>
  </testcase> <!-- MobileLoginHomeLoan -->
  <testcase classname="test.day3" name="LoginApiHomeLoan" time="0.0">
    <ignored/>
  </testcase> <!-- LoginApiHomeLoan -->
  <testcase classname="test.day1" name="SecondTest" time="0.0">
    <ignored/>
  </testcase> <!-- SecondTest -->
  <testcase classname="test.day4" name="PhoneSignOutCarLoan" time="0.0">
    <ignored/>
  </testcase> <!-- PhoneSignOutCarLoan -->
</testsuite> <!-- Regression -->
